2026-06-30 22:15:58,994:__name__:DEBUG:Addition of 10 and 5 is 15
2026-06-30 22:15:58,995:__name__:DEBUG:Subtraction of 10 and 5 is 5
2026-06-30 22:15:58,995:__name__:DEBUG:Multiplication of 10 and 5 is 50
2026-06-30 22:15:58,995:__name__:DEBUG:Division of 10 and 5 is 2.0
2026-06-30 22:24:47,382:__name__:DEBUG:Addition of 10 and 0 is 10
2026-06-30 22:24:47,382:__name__:DEBUG:Subtraction of 10 and 0 is 10
2026-06-30 22:24:47,383:__name__:DEBUG:Multiplication of 10 and 0 is 0
2026-06-30 22:24:47,383:__name__:ERROR:Divison by Zero
2026-06-30 22:24:47,383:__name__:DEBUG:Division of 10 and 0 is None
2026-06-30 22:26:18,829:__name__:DEBUG:Addition of 10 and 0 is 10
2026-06-30 22:26:18,829:__name__:DEBUG:Subtraction of 10 and 0 is 10
2026-06-30 22:26:18,829:__name__:DEBUG:Multiplication of 10 and 0 is 0
2026-06-30 22:26:18,829:__name__:ERROR:Divison by Zero
2026-06-30 22:26:18,829:__name__:ERROR:Division by Zero
Traceback (most recent call last):
  File "c:\Users\HP\OneDrive\Desktop\BACKEND\Backend-Devploment\1. Python Advanced\8. Logging\advanced.py", line 77, in divide
    result=x/y
ZeroDivisionError: division by zero
2026-06-30 22:26:18,836:__name__:DEBUG:Division of 10 and 0 is None
2026-06-30 22:34:18,193:__name__:DEBUG:Addition of 10 and 0 is 10
2026-06-30 22:34:18,193:__name__:DEBUG:Subtraction of 10 and 0 is 10
2026-06-30 22:34:18,193:__name__:DEBUG:Multiplication of 10 and 0 is 0
2026-06-30 22:34:18,194:__name__:ERROR:Divison by Zero
2026-06-30 22:34:18,194:__name__:ERROR:Division by Zero
Traceback (most recent call last):
  File "c:\Users\HP\OneDrive\Desktop\BACKEND\Backend-Devploment\1. Python Advanced\8. Logging\advanced.py", line 85, in divide
    result=x/y
ZeroDivisionError: division by zero
2026-06-30 22:34:18,194:__name__:DEBUG:Division of 10 and 0 is None
